<?xml version="1.0" encoding="UTF-8"?>
<testng-results ignored="0" total="1" passed="1" failed="0" skipped="0">
  <reporter-output>
  </reporter-output>
  <suite started-at="2023-07-10T19:43:35 IST" name="Default suite" finished-at="2023-07-10T19:44:11 IST" duration-ms="36417">
    <groups>
    </groups>
    <test started-at="2023-07-10T19:43:35 IST" name="Default test" finished-at="2023-07-10T19:44:11 IST" duration-ms="36417">
      <class name="gitbashPackage.GitBashTest">
        <test-method signature="m1()[pri:0, instance:gitbashPackage.GitBashTest@5276e6b0]" started-at="2023-07-10T19:43:35 IST" name="m1" finished-at="2023-07-10T19:44:11 IST" duration-ms="36389" status="PASS">
          <reporter-output>
          </reporter-output>
        </test-method> <!-- m1 -->
      </class> <!-- gitbashPackage.GitBashTest -->
    </test> <!-- Default test -->
  </suite> <!-- Default suite -->
</testng-results>
